<?xml version="1.0" encoding="UTF-8"?>
<!-- Generated by org.testng.reporters.JUnitReportReporter -->
<testsuite hostname="DESKTOP-DR6PG1E" failures="0" tests="2" name="tests.RegistrationTest" time="17.722" errors="0" timestamp="2023-03-17T14:53:33 IST" skipped="0">
  <testcase classname="tests.RegistrationTest" name="registrationTest" time="8.953"/>
  <system-out/>
  <testcase classname="tests.RegistrationTest" name="registrationTest" time="8.769"/>
  <system-out/>
</testsuite> <!-- tests.RegistrationTest -->
