<?xml version="1.0" encoding="UTF-8"?>
<!-- Generated by org.testng.reporters.JUnitReportReporter -->
<testsuite hostname="DESKTOP-DR6PG1E" failures="0" tests="1" name="Selenium.FrameworkDesign.SubmitOrder" time="25.771" errors="0" timestamp="2023-03-08T16:48:18 IST" skipped="0">
  <testcase classname="Selenium.FrameworkDesign.SubmitOrder" name="main" time="25.771"/>
  <system-out/>
</testsuite> <!-- Selenium.FrameworkDesign.SubmitOrder -->
