<?xml version="1.0" encoding="UTF-8"?>
<!-- Generated by org.testng.reporters.JUnitReportReporter -->
<testsuite hostname="DESKTOP-DR6PG1E" failures="0" tests="2" name="tests.standAloneTest" time="7.690" errors="0" timestamp="2023-03-15T11:34:39 IST" skipped="0">
  <testcase classname="tests.standAloneTest" name="submitOrder" time="7.218"/>
  <system-out/>
  <testcase classname="tests.standAloneTest" name="run" time="0.472"/>
  <system-out/>
</testsuite> <!-- tests.standAloneTest -->
