<?xml version="1.0" encoding="UTF-8"?>
<!-- Generated by org.testng.reporters.JUnitReportReporter -->
<testsuite hostname="DESKTOP-DR6PG1E" failures="0" tests="1" name="tests.InvalidLogin" time="10.430" errors="0" timestamp="2023-03-09T16:47:35 IST" skipped="0">
  <testcase classname="tests.InvalidLogin" name="submitOrder" time="10.430"/>
  <system-out/>
</testsuite> <!-- tests.InvalidLogin -->
