<?xml version="1.0" encoding="UTF-8"?>
<!-- Generated by org.testng.reporters.JUnitReportReporter -->
<testsuite hostname="DESKTOP-DR6PG1E" failures="0" tests="1" name="Selenium.FrameworkDesign.App" time="0.018" errors="0" timestamp="2023-01-12T14:33:04 IST" skipped="0">
  <testcase classname="Selenium.FrameworkDesign.App" name="test" time="0.018"/>
  <system-out/>
</testsuite> <!-- Selenium.FrameworkDesign.App -->
