<?xml version="1.0" encoding="UTF-8"?>
<!-- Generated by org.testng.reporters.JUnitReportReporter -->
<testsuite hostname="DESKTOP-DR6PG1E" failures="0" tests="1" name="TestNGTestRunner.testRunner" time="17.339" errors="0" timestamp="2023-03-23T19:00:27 IST" skipped="0">
  <testcase classname="TestNGTestRunner.testRunner" name="runScenario" time="17.339"/>
  <system-out/>
</testsuite> <!-- TestNGTestRunner.testRunner -->
