<?xml version="1.0" encoding="UTF-8"?>
<!-- Generated by org.testng.reporters.JUnitReportReporter -->
<testsuite hostname="DESKTOP-DR6PG1E" failures="0" tests="4" name="tests.SubmitOrder" time="61.276" errors="0" timestamp="2023-03-16T15:06:41 IST" skipped="0">
  <testcase classname="tests.SubmitOrder" name="OrdersPageTest" time="7.536"/>
  <system-out/>
  <testcase classname="tests.SubmitOrder" name="submitOrder" time="23.431"/>
  <system-out/>
  <testcase classname="tests.SubmitOrder" name="OrdersPageTest" time="8.320"/>
  <system-out/>
  <testcase classname="tests.SubmitOrder" name="submitOrder" time="21.989"/>
  <system-out/>
</testsuite> <!-- tests.SubmitOrder -->
